<?xml version="1.0" encoding="UTF-8"?>
<!-- Generated by org.testng.reporters.JUnitXMLReporter -->
<testsuite ignored="0" hostname="kavithras-macbook-pro.home" failures="0" tests="3" name="EndtoEnd" time="96.555" errors="0" timestamp="2023-10-12T19:08:29 CEST">
  <testcase classname="test.Search" name="TC003_DownloadAssetPalm" time="50.713"/>
  <testcase classname="test.Search" name="TC002_ViewAssetGreenCoconut" time="21.346"/>
  <testcase classname="test.Search" name="TC001_SearchAssetNoResult" time="12.616"/>
</testsuite> <!-- EndtoEnd -->
