<?xml version="1.0" encoding="UTF-8"?>
<testng-results ignored="0" total="3" passed="3" failed="0" skipped="0">
  <reporter-output>
  </reporter-output>
  <suite started-at="2023-10-12T19:06:52 CEST" name="EndtoEnd" finished-at="2023-10-12T19:08:29 CEST" duration-ms="96555">
    <groups>
    </groups>
    <test started-at="2023-10-12T19:06:52 CEST" name="EndtoEnd" finished-at="2023-10-12T19:08:29 CEST" duration-ms="96555">
      <class name="test.Search">
        <test-method is-config="true" signature="setUp(java.lang.String)[pri:0, instance:test.Search@479d31f3]" started-at="2023-10-12T19:06:52 CEST" name="setUp" finished-at="2023-10-12T19:07:02 CEST" duration-ms="9133" status="PASS">
          <params>
            <param index="0">
              <value>
                <![CDATA[chrome]]>
              </value>
            </param>
          </params>
          <reporter-output>
          </reporter-output>
        </test-method> <!-- setUp -->
        <test-method signature="TC003_DownloadAssetPalm()[pri:1, instance:test.Search@479d31f3]" started-at="2023-10-12T19:07:02 CEST" name="TC003_DownloadAssetPalm" finished-at="2023-10-12T19:07:52 CEST" duration-ms="50713" status="PASS">
          <reporter-output>
          </reporter-output>
        </test-method> <!-- TC003_DownloadAssetPalm -->
        <test-method signature="TC002_ViewAssetGreenCoconut()[pri:2, instance:test.Search@479d31f3]" started-at="2023-10-12T19:07:52 CEST" name="TC002_ViewAssetGreenCoconut" finished-at="2023-10-12T19:08:14 CEST" duration-ms="21346" status="PASS">
          <reporter-output>
          </reporter-output>
        </test-method> <!-- TC002_ViewAssetGreenCoconut -->
        <test-method signature="TC001_SearchAssetNoResult()[pri:3, instance:test.Search@479d31f3]" started-at="2023-10-12T19:08:14 CEST" name="TC001_SearchAssetNoResult" finished-at="2023-10-12T19:08:26 CEST" duration-ms="12616" status="PASS">
          <reporter-output>
          </reporter-output>
        </test-method> <!-- TC001_SearchAssetNoResult -->
        <test-method is-config="true" signature="tearDown()[pri:0, instance:test.Search@479d31f3]" started-at="2023-10-12T19:08:26 CEST" name="tearDown" finished-at="2023-10-12T19:08:29 CEST" duration-ms="2694" status="PASS">
          <reporter-output>
          </reporter-output>
        </test-method> <!-- tearDown -->
      </class> <!-- test.Search -->
    </test> <!-- EndtoEnd -->
  </suite> <!-- EndtoEnd -->
</testng-results>
